0 info it worked if it ends with ok
1 verbose cli [ '/usr/bin/nodejs', '/usr/bin/npm', 'run', 'grunt' ]
2 info using npm@3.10.3
3 info using node@v6.7.0
4 verbose run-script [ 'pregrunt', 'grunt', 'postgrunt' ]
5 info lifecycle dylmag@1.0.0~pregrunt: dylmag@1.0.0
6 silly lifecycle dylmag@1.0.0~pregrunt: no script for pregrunt, continuing
7 info lifecycle dylmag@1.0.0~grunt: dylmag@1.0.0
8 verbose lifecycle dylmag@1.0.0~grunt: unsafe-perm in lifecycle true
9 verbose lifecycle dylmag@1.0.0~grunt: PATH: /usr/lib/node_modules/npm/bin/node-gyp-bin:/home/pendar/projects/dylmag/node_modules/.bin:/usr/bin:/usr/local/heroku/bin:/opt/ros/kinetic/bin:/usr/local/sbin:/usr/local/bin:/usr/sbin:/usr/bin:/sbin:/bin:/usr/games:/usr/local/games:/usr/java/jdk1.8.0_92/bin:/usr/nwjs-sdk-v0.15.0-linux-x64/:/snap/bin
10 verbose lifecycle dylmag@1.0.0~grunt: CWD: /home/pendar/projects/dylmag
11 silly lifecycle dylmag@1.0.0~grunt: Args: [ '-c', 'grunt' ]
12 silly lifecycle dylmag@1.0.0~grunt: Returned: code: 3  signal: null
13 info lifecycle dylmag@1.0.0~grunt: Failed to exec grunt script
14 verbose stack Error: dylmag@1.0.0 grunt: `grunt`
14 verbose stack Exit status 3
14 verbose stack     at EventEmitter.<anonymous> (/usr/lib/node_modules/npm/lib/utils/lifecycle.js:242:16)
14 verbose stack     at emitTwo (events.js:106:13)
14 verbose stack     at EventEmitter.emit (events.js:191:7)
14 verbose stack     at ChildProcess.<anonymous> (/usr/lib/node_modules/npm/lib/utils/spawn.js:40:14)
14 verbose stack     at emitTwo (events.js:106:13)
14 verbose stack     at ChildProcess.emit (events.js:191:7)
14 verbose stack     at maybeClose (internal/child_process.js:877:16)
14 verbose stack     at Process.ChildProcess._handle.onexit (internal/child_process.js:226:5)
15 verbose pkgid dylmag@1.0.0
16 verbose cwd /home/pendar/projects/dylmag/src
17 error Linux 4.4.0-47-generic
18 error argv "/usr/bin/nodejs" "/usr/bin/npm" "run" "grunt"
19 error node v6.7.0
20 error npm  v3.10.3
21 error code ELIFECYCLE
22 error dylmag@1.0.0 grunt: `grunt`
22 error Exit status 3
23 error Failed at the dylmag@1.0.0 grunt script 'grunt'.
23 error Make sure you have the latest version of node.js and npm installed.
23 error If you do, this is most likely a problem with the dylmag package,
23 error not with npm itself.
23 error Tell the author that this fails on your system:
23 error     grunt
23 error You can get information on how to open an issue for this project with:
23 error     npm bugs dylmag
23 error Or if that isn't available, you can get their info via:
23 error     npm owner ls dylmag
23 error There is likely additional logging output above.
24 verbose exit [ 1, true ]
